dfu-util is updating Fluorescence

dfu-util 0.9

Copyright 2005-2009 Weston Schmidt, Harald Welte and OpenMoko Inc.
Copyright 2010-2020 Tormod Volden and Stefan Schmidt
This program is Free Software and has ABSOLUTELY NO WARRANTY
Please report bugs to http://sourceforge.net/p/dfu-util/tickets/

dfu-util: Invalid DFU suffix signature
dfu-util: A valid DFU suffix will be required in a future dfu-util release!!!
Opening DFU capable USB device...
ID 0483:df11
Run-time device DFU version 011a
Claiming USB DFU Interface...
Setting Alternate Setting #0 ...
Determining device status: state = dfuERROR, status = 10
dfuERROR, clearing status
Determining device status: state = dfuIDLE, status = 0
dfuIDLE, continuing
DFU mode device DFU version 011a
DfuSe interface name: "Internal Flash  "
Memory segment at 0x08000000  64 x 2048 = 131072 (rew)
Downloading to address = 0x08000000, size = 47928

Erase   	[                         ]   0%            0 bytesErasing page size 2048 at address 0x08000000, page starting at 0x08000000
   Poll timeout 10 ms

   Poll timeout 10 ms

Erasing page size 2048 at address 0x08000800, page starting at 0x08000800
   Poll timeout 10 ms

   Poll timeout 10 ms


Erase   	[=                        ]   4%         2048 bytesErasing page size 2048 at address 0x08001000, page starting at 0x08001000
   Poll timeout 10 ms

   Poll timeout 10 ms


Erase   	[==                       ]   8%         4096 bytesErasing page size 2048 at address 0x08001800, page starting at 0x08001800
   Poll timeout 10 ms

   Poll timeout 10 ms


Erase   	[===                      ]  12%         6144 bytesErasing page size 2048 at address 0x08002000, page starting at 0x08002000
   Poll timeout 10 ms

   Poll timeout 0 ms
   Poll timeout 10 ms


Erase   	[====                     ]  17%         8192 bytesErasing page size 2048 at address 0x08002800, page starting at 0x08002800
   Poll timeout 10 ms

   Poll timeout 0 ms
   Poll timeout 10 ms

Erase   	[=====                    ]  21%        10240 bytesErasing page size 2048 at address 0x08003000, page starting at 0x08003000
   Poll timeout 10 ms

   Poll timeout 10 ms

Erase   	[======                   ]  25%        12288 bytesErasing page size 2048 at address 0x08003800, page starting at 0x08003800
   Poll timeout 10 ms

   Poll timeout 0 ms
   Poll timeout 10 ms

Erase   	[=======                  ]  29%        14336 bytesErasing page size 2048 at address 0x08004000, page starting at 0x08004000

   Poll timeout 10 ms

   Poll timeout 10 ms


Erase   	[========                 ]  34%        16384 bytesErasing page size 2048 at address 0x08004800, page starting at 0x08004800
   Poll timeout 10 ms

   Poll timeout 10 ms


Erase   	[=========                ]  38%        18432 bytesErasing page size 2048 at address 0x08005000, page starting at 0x08005000
   Poll timeout 10 ms

   Poll timeout 10 ms


Erase   	[==========               ]  42%        20480 bytesErasing page size 2048 at address 0x08005800, page starting at 0x08005800
   Poll timeout 10 ms

   Poll timeout 10 ms


Erase   	[===========              ]  47%        22528 bytesErasing page size 2048 at address 0x08006000, page starting at 0x08006000
   Poll timeout 10 ms

   Poll timeout 10 ms


Erase   	[============             ]  51%        24576 bytesErasing page size 2048 at address 0x08006800, page starting at 0x08006800
   Poll timeout 10 ms

   Poll timeout 10 ms


Erase   	[=============            ]  55%        26624 bytesErasing page size 2048 at address 0x08007000, page starting at 0x08007000
   Poll timeout 10 ms

   Poll timeout 10 ms


Erase   	[==============           ]  59%        28672 bytesErasing page size 2048 at address 0x08007800, page starting at 0x08007800
   Poll timeout 10 ms

   Poll timeout 10 ms


Erase   	[================         ]  64%        30720 bytesErasing page size 2048 at address 0x08008000, page starting at 0x08008000
   Poll timeout 10 ms

   Poll timeout 0 ms
   Poll timeout 10 ms

Erase   	[=================        ]  68%        32768 bytesErasing page size 2048 at address 0x08008800, page starting at 0x08008800
   Poll timeout 10 ms

   Poll timeout 10 ms

Erase   	[==================       ]  72%        34816 bytesErasing page size 2048 at address 0x08009000, page starting at 0x08009000
   Poll timeout 10 ms

   Poll timeout 10 ms

Erase   	[===================      ]  76%        36864 bytesErasing page size 2048 at address 0x08009800, page starting at 0x08009800
   Poll timeout 10 ms

   Poll timeout 10 ms

Erase   	[====================     ]  81%        38912 bytesErasing page size 2048 at address 0x0800a000, page starting at 0x0800a000
   Poll timeout 10 ms

   Poll timeout 0 ms
   Poll timeout 10 ms

Erase   	[=====================    ]  85%        40960 bytesErasing page size 2048 at address 0x0800a800, page starting at 0x0800a800

   Poll timeout 10 ms

   Poll timeout 10 ms

Erase   	[======================   ]  89%        43008 bytesErasing page size 2048 at address 0x0800b000, page starting at 0x0800b000

   Poll timeout 10 ms

   Poll timeout 10 ms

Erase   	[=======================  ]  94%        45056 bytesErasing page size 2048 at address 0x0800b800, page starting at 0x0800b800
   Poll timeout 10 ms

   Poll timeout 0 ms
   Poll timeout 10 ms

Erase   	[======================== ]  98%        47104 bytes
Download	[                         ]   0%            0 bytes Download from image offset 00000000 to memory 08000000-080007ff, size 2048

   Poll timeout 120 ms

   Poll timeout 120 ms

 Download from image offset 00000800 to memory 08000800-08000fff, size 2048

   Poll timeout 120 ms

   Poll timeout 120 ms

 Download from image offset 00001000 to memory 08001000-080017ff, size 2048

   Poll timeout 120 ms

   Poll timeout 120 ms

 Download from image offset 00001800 to memory 08001800-08001fff, size 2048

   Poll timeout 120 ms

   Poll timeout 120 ms

 Download from image offset 00002000 to memory 08002000-080027ff, size 2048

   Poll timeout 120 ms

   Poll timeout 120 ms

 Download from image offset 00002800 to memory 08002800-08002fff, size 2048

   Poll timeout 120 ms

   Poll timeout 120 ms

 Download from image offset 00003000 to memory 08003000-080037ff, size 2048

   Poll timeout 120 ms

   Poll timeout 120 ms

 Download from image offset 00003800 to memory 08003800-08003fff, size 2048

   Poll timeout 120 ms

   Poll timeout 120 ms

 Download from image offset 00004000 to memory 08004000-080047ff, size 2048

   Poll timeout 120 ms

   Poll timeout 120 ms

 Download from image offset 00004800 to memory 08004800-08004fff, size 2048

   Poll timeout 120 ms

   Poll timeout 120 ms

 Download from image offset 00005000 to memory 08005000-080057ff, size 2048

   Poll timeout 120 ms

   Poll timeout 120 ms

 Download from image offset 00005800 to memory 08005800-08005fff, size 2048

   Poll timeout 120 ms

   Poll timeout 120 ms

 Download from image offset 00006000 to memory 08006000-080067ff, size 2048

   Poll timeout 120 ms

   Poll timeout 120 ms

 Download from image offset 00006800 to memory 08006800-08006fff, size 2048

   Poll timeout 120 ms

   Poll timeout 120 ms

 Download from image offset 00007000 to memory 08007000-080077ff, size 2048
   Poll timeout 120 ms

   Poll timeout 120 ms

 Download from image offset 00007800 to memory 08007800-08007fff, size 2048

   Poll timeout 120 ms

   Poll timeout 120 ms

 Download from image offset 00008000 to memory 08008000-080087ff, size 2048

   Poll timeout 120 ms

   Poll timeout 120 ms

 Download from image offset 00008800 to memory 08008800-08008fff, size 2048

   Poll timeout 120 ms

   Poll timeout 120 ms

 Download from image offset 00009000 to memory 08009000-080097ff, size 2048

   Poll timeout 120 ms

   Poll timeout 120 ms

 Download from image offset 00009800 to memory 08009800-08009fff, size 2048

   Poll timeout 120 ms

   Poll timeout 120 ms

 Download from image offset 0000a000 to memory 0800a000-0800a7ff, size 2048

   Poll timeout 120 ms

   Poll timeout 120 ms

 Download from image offset 0000a800 to memory 0800a800-0800afff, size 2048

   Poll timeout 120 ms

   Poll timeout 120 ms

 Download from image offset 0000b000 to memory 0800b000-0800b7ff, size 2048

   Poll timeout 120 ms

   Poll timeout 120 ms

 Download from image offset 0000b800 to memory 0800b800-0800bb37, size 824

   Poll timeout 120 ms

   Poll timeout 120 ms

File downloaded successfully

   Poll timeout 120 ms

   Poll timeout 120 ms

Transitioning to dfuMANIFEST state

